[INFO  - 2018-08-26T23:28:36.226Z] GhostDriver - Main - running on port 33002
[INFO  - 2018-08-26T23:28:39.553Z] Session [c3321ac0-a987-11e8-9c6b-7b39d2846dfc] - page.settings - {"XSSAuditingEnabled":false,"javascriptCanCloseWindows":true,"javascriptCanOpenWindows":true,"javascriptEnabled":true,"loadImages":true,"localToRemoteUrlAccessEnabled":false,"userAgent":"Mozilla/5.0 (Windows NT 6.2; WOW64) AppleWebKit/538.1 (KHTML, like Gecko) PhantomJS/2.1.1 Safari/538.1","webSecurityEnabled":true}
[INFO  - 2018-08-26T23:28:39.554Z] Session [c3321ac0-a987-11e8-9c6b-7b39d2846dfc] - page.customHeaders:  - {}
[INFO  - 2018-08-26T23:28:39.555Z] Session [c3321ac0-a987-11e8-9c6b-7b39d2846dfc] - Session.negotiatedCapabilities - {"browserName":"phantomjs","version":"2.1.1","driverName":"ghostdriver","driverVersion":"1.2.0","platform":"windows-8.1-32bit","javascriptEnabled":true,"takesScreenshot":true,"handlesAlerts":false,"databaseEnabled":false,"locationContextEnabled":false,"applicationCacheEnabled":false,"browserConnectionEnabled":false,"cssSelectorsEnabled":true,"webStorageEnabled":false,"rotatable":false,"acceptSslCerts":false,"nativeEvents":true,"proxy":{"proxyType":"direct"}}
[INFO  - 2018-08-26T23:28:39.556Z] SessionManagerReqHand - _postNewSessionCommand - New Session Created: c3321ac0-a987-11e8-9c6b-7b39d2846dfc
[INFO  - 2018-08-26T23:33:36.219Z] SessionManagerReqHand - _cleanupWindowlessSessions - Asynchronous Sessions clean-up phase starting NOW
[INFO  - 2018-08-26T23:38:36.218Z] SessionManagerReqHand - _cleanupWindowlessSessions - Asynchronous Sessions clean-up phase starting NOW
[INFO  - 2018-08-26T23:43:36.221Z] SessionManagerReqHand - _cleanupWindowlessSessions - Asynchronous Sessions clean-up phase starting NOW
[INFO  - 2018-08-26T23:48:36.222Z] SessionManagerReqHand - _cleanupWindowlessSessions - Asynchronous Sessions clean-up phase starting NOW
[INFO  - 2018-08-26T23:53:36.223Z] SessionManagerReqHand - _cleanupWindowlessSessions - Asynchronous Sessions clean-up phase starting NOW
[INFO  - 2018-08-27T02:57:52.646Z] SessionManagerReqHand - _cleanupWindowlessSessions - Asynchronous Sessions clean-up phase starting NOW
[INFO  - 2018-08-27T10:16:24.933Z] SessionManagerReqHand - _cleanupWindowlessSessions - Asynchronous Sessions clean-up phase starting NOW
[INFO  - 2018-08-27T10:21:24.739Z] SessionManagerReqHand - _cleanupWindowlessSessions - Asynchronous Sessions clean-up phase starting NOW
[INFO  - 2018-08-27T10:26:24.736Z] SessionManagerReqHand - _cleanupWindowlessSessions - Asynchronous Sessions clean-up phase starting NOW
[INFO  - 2018-08-27T10:31:24.742Z] SessionManagerReqHand - _cleanupWindowlessSessions - Asynchronous Sessions clean-up phase starting NOW
[INFO  - 2018-08-27T10:36:24.772Z] SessionManagerReqHand - _cleanupWindowlessSessions - Asynchronous Sessions clean-up phase starting NOW
[INFO  - 2018-08-27T10:41:21.175Z] SessionManagerReqHand - _cleanupWindowlessSessions - Asynchronous Sessions clean-up phase starting NOW
[INFO  - 2018-08-27T10:46:21.174Z] SessionManagerReqHand - _cleanupWindowlessSessions - Asynchronous Sessions clean-up phase starting NOW
[INFO  - 2018-08-27T10:51:21.181Z] SessionManagerReqHand - _cleanupWindowlessSessions - Asynchronous Sessions clean-up phase starting NOW
[INFO  - 2018-08-27T10:56:21.186Z] SessionManagerReqHand - _cleanupWindowlessSessions - Asynchronous Sessions clean-up phase starting NOW
[INFO  - 2018-08-27T11:01:21.190Z] SessionManagerReqHand - _cleanupWindowlessSessions - Asynchronous Sessions clean-up phase starting NOW
[INFO  - 2018-08-27T11:06:21.190Z] SessionManagerReqHand - _cleanupWindowlessSessions - Asynchronous Sessions clean-up phase starting NOW
[INFO  - 2018-08-27T11:11:21.190Z] SessionManagerReqHand - _cleanupWindowlessSessions - Asynchronous Sessions clean-up phase starting NOW
[INFO  - 2018-08-27T11:16:21.190Z] SessionManagerReqHand - _cleanupWindowlessSessions - Asynchronous Sessions clean-up phase starting NOW
[INFO  - 2018-08-27T11:21:21.190Z] SessionManagerReqHand - _cleanupWindowlessSessions - Asynchronous Sessions clean-up phase starting NOW
[INFO  - 2018-08-27T11:26:21.191Z] SessionManagerReqHand - _cleanupWindowlessSessions - Asynchronous Sessions clean-up phase starting NOW
[INFO  - 2018-08-27T11:31:21.191Z] SessionManagerReqHand - _cleanupWindowlessSessions - Asynchronous Sessions clean-up phase starting NOW
[INFO  - 2018-08-27T11:36:21.191Z] SessionManagerReqHand - _cleanupWindowlessSessions - Asynchronous Sessions clean-up phase starting NOW
[INFO  - 2018-08-27T11:41:21.191Z] SessionManagerReqHand - _cleanupWindowlessSessions - Asynchronous Sessions clean-up phase starting NOW
[INFO  - 2018-08-27T11:46:21.193Z] SessionManagerReqHand - _cleanupWindowlessSessions - Asynchronous Sessions clean-up phase starting NOW
[INFO  - 2018-08-27T11:51:21.192Z] SessionManagerReqHand - _cleanupWindowlessSessions - Asynchronous Sessions clean-up phase starting NOW
[INFO  - 2018-08-27T11:56:21.193Z] SessionManagerReqHand - _cleanupWindowlessSessions - Asynchronous Sessions clean-up phase starting NOW
[INFO  - 2018-08-27T12:01:21.194Z] SessionManagerReqHand - _cleanupWindowlessSessions - Asynchronous Sessions clean-up phase starting NOW
[INFO  - 2018-08-27T12:06:21.194Z] SessionManagerReqHand - _cleanupWindowlessSessions - Asynchronous Sessions clean-up phase starting NOW
[INFO  - 2018-08-27T12:11:21.194Z] SessionManagerReqHand - _cleanupWindowlessSessions - Asynchronous Sessions clean-up phase starting NOW
[INFO  - 2018-08-27T12:16:21.194Z] SessionManagerReqHand - _cleanupWindowlessSessions - Asynchronous Sessions clean-up phase starting NOW
[INFO  - 2018-08-27T12:21:21.194Z] SessionManagerReqHand - _cleanupWindowlessSessions - Asynchronous Sessions clean-up phase starting NOW
[INFO  - 2018-08-27T12:26:21.194Z] SessionManagerReqHand - _cleanupWindowlessSessions - Asynchronous Sessions clean-up phase starting NOW
[INFO  - 2018-08-27T12:31:21.194Z] SessionManagerReqHand - _cleanupWindowlessSessions - Asynchronous Sessions clean-up phase starting NOW
[INFO  - 2018-08-27T12:36:21.194Z] SessionManagerReqHand - _cleanupWindowlessSessions - Asynchronous Sessions clean-up phase starting NOW
[INFO  - 2018-08-27T12:41:21.194Z] SessionManagerReqHand - _cleanupWindowlessSessions - Asynchronous Sessions clean-up phase starting NOW
[INFO  - 2018-08-27T12:46:21.194Z] SessionManagerReqHand - _cleanupWindowlessSessions - Asynchronous Sessions clean-up phase starting NOW
[INFO  - 2018-08-27T12:51:21.194Z] SessionManagerReqHand - _cleanupWindowlessSessions - Asynchronous Sessions clean-up phase starting NOW
[INFO  - 2018-08-27T12:56:21.195Z] SessionManagerReqHand - _cleanupWindowlessSessions - Asynchronous Sessions clean-up phase starting NOW
[INFO  - 2018-08-27T13:01:21.195Z] SessionManagerReqHand - _cleanupWindowlessSessions - Asynchronous Sessions clean-up phase starting NOW
Hand - _cleanupWindowlessSessions - Asynchronous Sessions clean-up phase starting NOW
[INFO  - 2018-08-27T12:21:21.203Z] SessionManagerReqHand - _cleanupWindowlessSessions - Asynchronous Sessions clean-up phase starting NOW
[INFO  - 2018-08-27T12:26:21.203Z] SessionManagerReqHand - _cleanupWindowlessSessions - Asynchronous Sessions clean-up phase starting NOW
[INFO  - 2018-08-27T12:31:21.203Z] SessionManagerReqHand - _cleanupWindowlessSessions - Asynchronous Sessions clean-up phase starting NOW
[INFO  - 2018-08-27T12:36:21.204Z] SessionManagerReqHand - _cleanupWindowlessSessions - Asynchronous Sessions clean-up phase starting NOW
[INFO  - 2018-08-27T12:41:21.204Z] SessionManagerReqHand - _cleanupWindowlessSessions - Asynchronous Sessions clean-up phase starting NOW
[INFO  - 2018-08-27T12:46:21.204Z] SessionManagerReqHand - _cleanupWindowlessSessions - Asynchronous Sessions clean-up phase starting NOW
[INFO  - 2018-08-27T12:51:21.204Z] SessionManagerReqHand - _cleanupWindowlessSessions - Asynchronous Sessions clean-up phase starting NOW
[INFO  - 2018-08-27T12:56:21.204Z] SessionManagerReqHand - _cleanupWindowlessSessions - Asynchronous Sessions clean-up phase starting NOW
[INFO  - 2018-08-27T13:01:21.205Z] SessionManagerReqHand - _cleanupWindowlessSessions - Asynchronous Sessions clean-up phase starting NOW
E UP. Search Stop Time: 1535326322140
[ERROR - 2018-08-26T23:32:05.852Z] WebElementLocator - _handleLocateCommand - Element(s) NOT Found: GAVE UP. Search Stop Time: 1535326325795
[ERROR - 2018-08-26T23:32:09.492Z] WebElementLocator - _handleLocateCommand - Element(s) NOT Found: GAVE UP. Search Stop Time: 1535326329434
[ERROR - 2018-08-26T23:32:13.119Z] WebElementLocator - _handleLocateCommand - Element(s) NOT Found: GAVE UP. Search Stop Time: 1535326333118
[ERROR - 2018-08-26T23:32:16.760Z] WebElementLocator - _handleLocateCommand - Element(s) NOT Found: GAVE UP. Search Stop Time: 1535326336702
[ERROR - 2018-08-26T23:32:20.462Z] WebElementLocator - _handleLocateCommand - Element(s) NOT Found: GAVE UP. Search Stop Time: 1535326340402
[ERROR - 2018-08-26T23:32:24.075Z] WebElementLocator - _handleLocateCommand - Element(s) NOT Found: GAVE UP. Search Stop Time: 1535326344071
[ERROR - 2018-08-26T23:32:27.728Z] WebElementLocator - _handleLocateCommand - Element(s) NOT Found: GAVE UP. Search Stop Time: 1535326347663
[ERROR - 2018-08-26T23:32:31.400Z] WebElementLocator - _handleLocateCommand - Element(s) NOT Found: GAVE UP. Search Stop Time: 1535326351384
[ERROR - 2018-08-26T23:32:35.054Z] WebElementLocator - _handleLocateCommand - Element(s) NOT Found: GAVE UP. Search Stop Time: 1535326354994
[ERROR - 2018-08-26T23:32:38.649Z] WebElementLocator - _handleLocateCommand - Element(s) NOT Found: GAVE UP. Search Stop Time: 1535326358643
[ERROR - 2018-08-26T23:32:42.339Z] WebElementLocator - _handleLocateCommand - Element(s) NOT Found: GAVE UP. Search Stop Time: 1535326362331
[ERROR - 2018-08-26T23:32:46.161Z] WebElementLocator - _handleLocateCommand - Element(s) NOT Found: GAVE UP. Search Stop Time: 1535326366145
[ERROR - 2018-08-26T23:32:49.900Z] WebElementLocator - _handleLocateCommand - Element(s) NOT Found: GAVE UP. Search Stop Time: 1535326369893
[ERROR - 2018-08-26T23:32:53.775Z] WebElementLocator - _handleLocateCommand - Element(s) NOT Found: GAVE UP. Search Stop Time: 1535326373712
[ERROR - 2018-08-26T23:32:58.596Z] WebElementLocator - _handleLocateCommand - Element(s) NOT Found: GAVE UP. Search Stop Time: 1535326378565
[ERROR - 2018-08-26T23:33:03.126Z] WebElementLocator - _handleLocateCommand - Element(s) NOT Found: GAVE UP. Search Stop Time: 1535326383110
[ERROR - 2018-08-26T23:33:07.175Z] WebElementLocator - _handleLocateCommand - Element(s) NOT Found: GAVE UP. Search Stop Time: 1535326387166
[ERROR - 2018-08-26T23:33:11.227Z] WebElementLocator - _handleLocateCommand - Element(s) NOT Found: GAVE UP. Search Stop Time: 1535326391154
[ERROR - 2018-08-26T23:33:15.137Z] WebElementLocator - _handleLocateCommand - Element(s) NOT Found: GAVE UP. Search Stop Time: 1535326395127
[ERROR - 2018-08-26T23:33:18.999Z] WebElementLocator - _handleLocateCommand - Element(s) NOT Found: GAVE UP. Search Stop Time: 1535326398995
[ERROR - 2018-08-26T23:33:22.932Z] WebElementLocator - _handleLocateCommand - Element(s) NOT Found: GAVE UP. Search Stop Time: 1535326402923
[ERROR - 2018-08-26T23:33:26.841Z] WebElementLocator - _handleLocateCommand - Element(s) NOT Found: GAVE UP. Search Stop Time: 1535326406837
[ERROR - 2018-08-26T23:33:30.778Z] WebElementLocator - _handleLocateCommand - Element(s) NOT Found: GAVE UP. Search Stop Time: 1535326410770
[ERROR - 2018-08-26T23:33:34.684Z] WebElementLocator - _handleLocateCommand - Element(s) NOT Found: GAVE UP. Search Stop Time: 1535326414679
[ERROR - 2018-08-26T23:33:38.607Z] WebElementLocator - _handleLocateCommand - Element(s) NOT Found: GAVE UP. Search Stop Time: 1535326418599
[ERROR - 2018-08-26T23:33:42.528Z] WebElementLocator - _handleLocateCommand - Element(s) NOT Found: GAVE UP. Search Stop Time: 1535326422524
[ERROR - 2018-08-26T23:33:46.482Z] WebElementLocator - _handleLocateCommand - Element(s) NOT Found: GAVE UP. Search Stop Time: 1535326426469
[ERROR - 2018-08-26T23:33:50.651Z] WebElementLocator - _handleLocateCommand - Element(s) NOT Found: GAVE UP. Search Stop Time: 1535326430638
[ERROR - 2018-08-26T23:33:54.559Z] WebElementLocator - _handleLocateCommand - Element(s) NOT Found: GAVE UP. Search Stop Time: 1535326434546
[ERROR - 2018-08-26T23:33:58.463Z] WebElementLocator - _handleLocateCommand - Element(s) NOT Found: GAVE UP. Search Stop Time: 1535326438453
[INFO  - 2018-08-26T23:35:01.376Z] SessionManagerReqHand - _cleanupWindowlessSessions - Asynchronous Sessions clean-up phase starting NOW
[INFO  - 2018-08-26T23:40:01.383Z] SessionManagerReqHand - _cleanupWindowlessSessions - Asynchronous Sessions clean-up phase starting NOW
[INFO  - 2018-08-26T23:45:01.395Z] SessionManagerReqHand - _cleanupWindowlessSessions - Asynchronous Sessions clean-up phase starting NOW
[INFO  - 2018-08-26T23:50:01.409Z] SessionManagerReqHand - _cleanupWindowlessSessions - Asynchronous Sessions clean-up phase starting NOW
[INFO  - 2018-08-26T23:55:01.421Z] SessionManagerReqHand - _cleanupWindowlessSessions - Asynchronous Sessions clean-up phase starting NOW
[INFO  - 2018-08-27T02:57:52.538Z] SessionManagerReqHand - _cleanupWindowlessSessions - Asynchronous Sessions clean-up phase starting NOW
[INFO  - 2018-08-27T10:16:24.950Z] SessionManagerReqHand - _cleanupWindowlessSessions - Asynchronous Sessions clean-up phase starting NOW
[INFO  - 2018-08-27T10:21:24.504Z] SessionManagerReqHand - _cleanupWindowlessSessions - Asynchronous Sessions clean-up phase starting NOW
[INFO  - 2018-08-27T10:26:24.505Z] SessionManagerReqHand - _cleanupWindowlessSessions - Asynchronous Sessions clean-up phase starting NOW
[INFO  - 2018-08-27T10:31:24.515Z] SessionManagerReqHand - _cleanupWindowlessSessions - Asynchronous Sessions clean-up phase starting NOW
[INFO  - 2018-08-27T10:36:24.517Z] SessionManagerReqHand - _cleanupWindowlessSessions - Asynchronous Sessions clean-up phase starting NOW
[INFO  - 2018-08-27T10:41:20.920Z] SessionManagerReqHand - _cleanupWindowlessSessions - Asynchronous Sessions clean-up phase starting NOW
[INFO  - 2018-08-27T10:46:20.919Z] SessionManagerReqHand - _cleanupWindowlessSessions - Asynchronous Sessions clean-up phase starting NOW
[INFO  - 2018-08-27T10:51:20.923Z] SessionManagerReqHand - _cleanupWindowlessSessions - Asynchronous Sessions clean-up phase starting NOW
[INFO  - 2018-08-27T10:56:20.931Z] SessionManagerReqHand - _cleanupWindowlessSessions - Asynchronous Sessions clean-up phase starting NOW
[INFO  - 2018-08-27T11:01:20.934Z] SessionManagerReqHand - _cleanupWindowlessSessions - Asynchronous Sessions clean-up phase starting NOW
[INFO  - 2018-08-27T11:06:20.946Z] SessionManagerReqHand - _cleanupWindowlessSessions - Asynchronous Sessions clean-up phase starting NOW
[INFO  - 2018-08-27T11:11:20.950Z] SessionManagerReqHand - _cleanupWindowlessSessions - Asynchronous Sessions clean-up phase starting NOW
[INFO  - 2018-08-27T11:16:20.963Z] SessionManagerReqHand - _cleanupWindowlessSessions - Asynchronous Sessions clean-up phase starting NOW
[INFO  - 2018-08-27T11:21:20.969Z] SessionManagerReqHand - _cleanupWindowlessSessions - Asynchronous Sessions clean-up phase starting NOW
[INFO  - 2018-08-27T11:26:20.979Z] SessionManagerReqHand - _cleanupWindowlessSessions - Asynchronous Sessions clean-up phase starting NOW
[INFO  - 2018-08-27T11:31:20.982Z] SessionManagerReqHand - _cleanupWindowlessSessions - Asynchronous Sessions clean-up phase starting NOW
[INFO  - 2018-08-27T11:36:20.994Z] SessionManagerReqHand - _cleanupWindowlessSessions - Asynchronous Sessions clean-up phase starting NOW
[INFO  - 2018-08-27T11:41:20.994Z] SessionManagerReqHand - _cleanupWindowlessSessions - Asynchronous Sessions clean-up phase starting NOW
[INFO  - 2018-08-27T11:46:20.998Z] SessionManagerReqHand - _cleanupWindowlessSessions - Asynchronous Sessions clean-up phase starting NOW
[INFO  - 2018-08-27T11:51:21.009Z] SessionManagerReqHand - _cleanupWindowlessSessions - Asynchronous Sessions clean-up phase starting NOW
[INFO  - 2018-08-27T11:56:21.016Z] SessionManagerReqHand - _cleanupWindowlessSessions - Asynchronous Sessions clean-up phase starting NOW
[INFO  - 2018-08-27T12:01:21.026Z] SessionManagerReqHand - _cleanupWindowlessSessions - Asynchronous Sessions clean-up phase starting NOW
[INFO  - 2018-08-27T12:06:21.026Z] SessionManagerReqHand - _cleanupWindowlessSessions - Asynchronous Sessions clean-up phase starting NOW
[INFO  - 2018-08-27T12:11:21.035Z] SessionManagerReqHand - _cleanupWindowlessSessions - Asynchronous Sessions clean-up phase starting NOW
[INFO  - 2018-08-27T12:16:21.040Z] SessionManagerReqHand - _cleanupWindowlessSessions - Asynchronous Sessions clean-up phase starting NOW
[INFO  - 2018-08-27T12:21:21.042Z] SessionManagerReqHand - _cleanupWindowlessSessions - Asynchronous Sessions clean-up phase starting NOW
[INFO  - 2018-08-27T12:26:21.044Z] SessionManagerReqHand - _cleanupWindowlessSessions - Asynchronous Sessions clean-up phase starting NOW
[INFO  - 2018-08-27T12:31:21.044Z] SessionManagerReqHand - _cleanupWindowlessSessions - Asynchronous Sessions clean-up phase starting NOW
[INFO  - 2018-08-27T12:36:21.056Z] SessionManagerReqHand - _cleanupWindowlessSessions - Asynchronous Sessions clean-up phase starting NOW
[INFO  - 2018-08-27T12:41:21.061Z] SessionManagerReqHand - _cleanupWindowlessSessions - Asynchronous Sessions clean-up phase starting NOW
[INFO  - 2018-08-27T12:46:21.075Z] SessionManagerReqHand - _cleanupWindowlessSessions - Asynchronous Sessions clean-up phase starting NOW
[INFO  - 2018-08-27T12:51:21.076Z] SessionManagerReqHand - _cleanupWindowlessSessions - Asynchronous Sessions clean-up phase starting NOW
[INFO  - 2018-08-27T12:56:21.087Z] SessionManagerReqHand - _cleanupWindowlessSessions - Asynchronous Sessions clean-up phase starting NOW
[INFO  - 2018-08-27T13:01:21.099Z] SessionManagerReqHand - _cleanupWindowlessSessions - Asynchronous Sessions clean-up phase starting NOW
[INFO  - 2018-09-27T00:49:12.485Z] GhostDriver - Main - running on port 47646
[INFO  - 2018-09-27T00:49:13.808Z] Session [276dc550-c1ef-11e8-a322-0dee22a78adf] - page.settings - {"XSSAuditingEnabled":false,"javascriptCanCloseWindows":true,"javascriptCanOpenWindows":true,"javascriptEnabled":true,"loadImages":true,"localToRemoteUrlAccessEnabled":false,"userAgent":"Mozilla/5.0 (Windows NT 6.2; WOW64) AppleWebKit/538.1 (KHTML, like Gecko) PhantomJS/2.1.1 Safari/538.1","webSecurityEnabled":true}
[INFO  - 2018-09-27T00:49:13.811Z] Session [276dc550-c1ef-11e8-a322-0dee22a78adf] - page.customHeaders:  - {}
[INFO  - 2018-09-27T00:49:13.813Z] Session [276dc550-c1ef-11e8-a322-0dee22a78adf] - Session.negotiatedCapabilities - {"browserName":"phantomjs","version":"2.1.1","driverName":"ghostdriver","driverVersion":"1.2.0","platform":"windows-8.1-32bit","javascriptEnabled":true,"takesScreenshot":true,"handlesAlerts":false,"databaseEnabled":false,"locationContextEnabled":false,"applicationCacheEnabled":false,"browserConnectionEnabled":false,"cssSelectorsEnabled":true,"webStorageEnabled":false,"rotatable":false,"acceptSslCerts":false,"nativeEvents":true,"proxy":{"proxyType":"direct"}}
[INFO  - 2018-09-27T00:49:13.815Z] SessionManagerReqHand - _postNewSessionCommand - New Session Created: 276dc550-c1ef-11e8-a322-0dee22a78adf
[ERROR - 2018-09-27T00:49:15.131Z] WebElementLocator - _handleLocateCommand - Element(s) NOT Found: GAVE UP. Search Stop Time: 1538009355074
[INFO  - 2018-09-27T00:54:12.768Z] SessionManagerReqHand - _cleanupWindowlessSessions - Asynchronous Sessions clean-up phase starting NOW
[INFO  - 2018-09-27T00:59:12.767Z] SessionManagerReqHand - _cleanupWindowlessSessions - Asynchronous Sessions clean-up phase starting NOW
[INFO  - 2018-09-27T01:04:12.767Z] SessionManagerReqHand - _cleanupWindowlessSessions - Asynchronous Sessions clean-up phase starting NOW
[INFO  - 2018-09-27T01:09:12.768Z] SessionManagerReqHand - _cleanupWindowlessSessions - Asynchronous Sessions clean-up phase starting NOW
[INFO  - 2018-09-27T01:14:12.768Z] SessionManagerReqHand - _cleanupWindowlessSessions - Asynchronous Sessions clean-up phase starting NOW
[INFO  - 2018-09-27T01:19:12.770Z] SessionManagerReqHand - _cleanupWindowlessSessions - Asynchronous Sessions clean-up phase starting NOW
[INFO  - 2018-09-27T01:24:12.770Z] SessionManagerReqHand - _cleanupWindowlessSessions - Asynchronous Sessions clean-up phase starting NOW
[INFO  - 2018-09-27T01:29:12.770Z] SessionManagerReqHand - _cleanupWindowlessSessions - Asynchronous Sessions clean-up phase starting NOW
[INFO  - 2018-09-27T01:34:12.769Z] SessionManagerReqHand - _cleanupWindowlessSessions - Asynchronous Sessions clean-up phase starting NOW
[INFO  - 2018-09-27T01:39:12.770Z] SessionManagerReqHand - _cleanupWindowlessSessions - Asynchronous Sessions clean-up phase starting NOW
[INFO  - 2018-09-27T01:44:12.771Z] SessionManagerReqHand - _cleanupWindowlessSessions - Asynchronous Sessions clean-up phase starting NOW
[INFO  - 2018-09-27T01:49:12.771Z] SessionManagerReqHand - _cleanupWindowlessSessions - Asynchronous Sessions clean-up phase starting NOW
[INFO  - 2018-09-27T01:54:12.770Z] SessionManagerReqHand - _cleanupWindowlessSessions - Asynchronous Sessions clean-up phase starting NOW
[INFO  - 2018-09-27T01:59:12.770Z] SessionManagerReqHand - _cleanupWindowlessSessions - Asynchronous Sessions clean-up phase starting NOW
[INFO  - 2018-09-27T02:04:12.770Z] SessionManagerReqHand - _cleanupWindowlessSessions - Asynchronous Sessions clean-up phase starting NOW
[INFO  - 2018-09-27T02:09:08.279Z] SessionManagerReqHand - _cleanupWindowlessSessions - Asynchronous Sessions clean-up phase starting NOW
[INFO  - 2018-09-27T02:14:08.281Z] SessionManagerReqHand - _cleanupWindowlessSessions - Asynchronous Sessions clean-up phase starting NOW
[INFO  - 2018-09-27T02:19:08.281Z] SessionManagerReqHand - _cleanupWindowlessSessions - Asynchronous Sessions clean-up phase starting NOW
[INFO  - 2018-09-27T02:24:08.291Z] SessionManagerReqHand - _cleanupWindowlessSessions - Asynchronous Sessions clean-up phase starting NOW
[INFO  - 2018-09-27T02:29:08.309Z] SessionManagerReqHand - _cleanupWindowlessSessions - Asynchronous Sessions clean-up phase starting NOW
[INFO  - 2018-09-27T02:34:08.316Z] SessionManagerReqHand - _cleanupWindowlessSessions - Asynchronous Sessions clean-up phase starting NOW
[INFO  - 2018-09-27T02:39:08.315Z] SessionManagerReqHand - _cleanupWindowlessSessions - Asynchronous Sessions clean-up phase starting NOW
[INFO  - 2018-09-27T02:44:08.315Z] SessionManagerReqHand - _cleanupWindowlessSessions - Asynchronous Sessions clean-up phase starting NOW
[INFO  - 2018-09-27T02:49:08.316Z] SessionManagerReqHand - _cleanupWindowlessSessions - Asynchronous Sessions clean-up phase starting NOW
[INFO  - 2018-09-27T02:54:08.319Z] SessionManagerReqHand - _cleanupWindowlessSessions - Asynchronous Sessions clean-up phase starting NOW
[INFO  - 2018-09-27T02:59:08.316Z] SessionManagerReqHand - _cleanupWindowlessSessions - Asynchronous Sessions clean-up phase starting NOW
[INFO  - 2018-09-27T03:04:08.316Z] SessionManagerReqHand - _cleanupWindowlessSessions - Asynchronous Sessions clean-up phase starting NOW
[INFO  - 2018-09-27T03:09:08.316Z] SessionManagerReqHand - _cleanupWindowlessSessions - Asynchronous Sessions clean-up phase starting NOW
[INFO  - 2018-09-27T03:14:08.316Z] SessionManagerReqHand - _cleanupWindowlessSessions - Asynchronous Sessions clean-up phase starting NOW
[INFO  - 2018-09-27T03:19:08.316Z] SessionManagerReqHand - _cleanupWindowlessSessions - Asynchronous Sessions clean-up phase starting NOW
[INFO  - 2018-09-27T03:24:08.316Z] SessionManagerReqHand - _cleanupWindowlessSessions - Asynchronous Sessions clean-up phase starting NOW
[INFO  - 2018-09-27T03:29:08.317Z] SessionManagerReqHand - _cleanupWindowlessSessions - Asynchronous Sessions clean-up phase starting NOW
[INFO  - 2018-09-27T03:34:08.317Z] SessionManagerReqHand - _cleanupWindowlessSessions - Asynchronous Sessions clean-up phase starting NOW
[INFO  - 2018-09-27T03:39:08.318Z] SessionManagerReqHand - _cleanupWindowlessSessions - Asynchronous Sessions clean-up phase starting NOW
[INFO  - 2018-09-27T03:44:08.317Z] SessionManagerReqHand - _cleanupWindowlessSessions - Asynchronous Sessions clean-up phase starting NOW
[INFO  - 2018-09-27T03:49:08.317Z] SessionManagerReqHand - _cleanupWindowlessSessions - Asynchronous Sessions clean-up phase starting NOW
[INFO  - 2018-09-27T03:54:08.317Z] SessionManagerReqHand - _cleanupWindowlessSessions - Asynchronous Sessions clean-up phase starting NOW
[INFO  - 2018-09-27T03:59:08.318Z] SessionManagerReqHand - _cleanupWindowlessSessions - Asynchronous Sessions clean-up phase starting NOW
[INFO  - 2018-09-27T04:04:08.317Z] SessionManagerReqHand - _cleanupWindowlessSessions - Asynchronous Sessions clean-up phase starting NOW
[INFO  - 2018-09-27T04:09:08.317Z] SessionManagerReqHand - _cleanupWindowlessSessions - Asynchronous Sessions clean-up phase starting NOW
[INFO  - 2018-09-27T04:14:08.317Z] SessionManagerReqHand - _cleanupWindowlessSessions - Asynchronous Sessions clean-up phase starting NOW
[INFO  - 2018-09-27T04:19:08.317Z] SessionManagerReqHand - _cleanupWindowlessSessions - Asynchronous Sessions clean-up phase starting NOW
[INFO  - 2018-09-27T04:24:08.318Z] SessionManagerReqHand - _cleanupWindowlessSessions - Asynchronous Sessions clean-up phase starting NOW
[INFO  - 2018-09-27T04:29:08.318Z] SessionManagerReqHand - _cleanupWindowlessSessions - Asynchronous Sessions clean-up phase starting NOW
[INFO  - 2018-09-27T04:34:08.318Z] SessionManagerReqHand - _cleanupWindowlessSessions - Asynchronous Sessions clean-up phase starting NOW
[INFO  - 2018-09-27T04:39:08.318Z] SessionManagerReqHand - _cleanupWindowlessSessions - Asynchronous Sessions clean-up phase starting NOW
[INFO  - 2018-09-27T04:44:08.319Z] SessionManagerReqHand - _cleanupWindowlessSessions - Asynchronous Sessions clean-up phase starting NOW
[INFO  - 2018-09-27T04:49:08.320Z] SessionManagerReqHand - _cleanupWindowlessSessions - Asynchronous Sessions clean-up phase starting NOW
[INFO  - 2018-09-27T04:54:08.342Z] SessionManagerReqHand - _cleanupWindowlessSessions - Asynchronous Sessions clean-up phase starting NOW
[INFO  - 2018-09-27T04:59:08.342Z] SessionManagerReqHand - _cleanupWindowlessSessions - Asynchronous Sessions clean-up phase starting NOW
[INFO  - 2018-09-27T05:04:08.348Z] SessionManagerReqHand - _cleanupWindowlessSessions - Asynchronous Sessions clean-up phase starting NOW
[INFO  - 2018-09-27T05:09:08.349Z] SessionManagerReqHand - _cleanupWindowlessSessions - Asynchronous Sessions clean-up phase starting NOW
[INFO  - 2018-09-27T05:14:08.349Z] SessionManagerReqHand - _cleanupWindowlessSessions - Asynchronous Sessions clean-up phase starting NOW
[INFO  - 2018-09-27T05:19:08.349Z] SessionManagerReqHand - _cleanupWindowlessSessions - Asynchronous Sessions clean-up phase starting NOW
[INFO  - 2018-09-27T05:24:08.349Z] SessionManagerReqHand - _cleanupWindowlessSessions - Asynchronous Sessions clean-up phase starting NOW
[INFO  - 2018-09-27T05:29:08.349Z] SessionManagerReqHand - _cleanupWindowlessSessions - Asynchronous Sessions clean-up phase starting NOW
[INFO  - 2018-09-27T05:34:08.349Z] SessionManagerReqHand - _cleanupWindowlessSessions - Asynchronous Sessions clean-up phase starting NOW
[INFO  - 2018-09-27T05:39:08.349Z] SessionManagerReqHand - _cleanupWindowlessSessions - Asynchronous Sessions clean-up phase starting NOW
[INFO  - 2018-09-27T05:44:08.349Z] SessionManagerReqHand - _cleanupWindowlessSessions - Asynchronous Sessions clean-up phase starting NOW
[INFO  - 2018-09-27T05:49:08.349Z] SessionManagerReqHand - _cleanupWindowlessSessions - Asynchronous Sessions clean-up phase starting NOW
[INFO  - 2018-09-27T05:54:08.349Z] SessionManagerReqHand - _cleanupWindowlessSessions - Asynchronous Sessions clean-up phase starting NOW
[INFO  - 2018-09-27T05:59:08.349Z] SessionManagerReqHand - _cleanupWindowlessSessions - Asynchronous Sessions clean-up phase starting NOW
[INFO  - 2018-09-27T06:04:08.349Z] SessionManagerReqHand - _cleanupWindowlessSessions - Asynchronous Sessions clean-up phase starting NOW
[INFO  - 2018-09-27T06:09:08.349Z] SessionManagerReqHand - _cleanupWindowlessSessions - Asynchronous Sessions clean-up phase starting NOW
[INFO  - 2018-09-27T06:14:08.349Z] SessionManagerReqHand - _cleanupWindowlessSessions - Asynchronous Sessions clean-up phase starting NOW
[INFO  - 2018-09-27T06:19:08.349Z] SessionManagerReqHand - _cleanupWindowlessSessions - Asynchronous Sessions clean-up phase starting NOW
[INFO  - 2018-09-27T06:24:08.350Z] SessionManagerReqHand - _cleanupWindowlessSessions - Asynchronous Sessions clean-up phase starting NOW
[INFO  - 2018-09-27T06:29:08.349Z] SessionManagerReqHand - _cleanupWindowlessSessions - Asynchronous Sessions clean-up phase starting NOW
[INFO  - 2018-09-27T06:34:08.350Z] SessionManagerReqHand - _cleanupWindowlessSessions - Asynchronous Sessions clean-up phase starting NOW
[INFO  - 2018-09-27T06:39:08.350Z] SessionManagerReqHand - _cleanupWindowlessSessions - Asynchronous Sessions clean-up phase starting NOW
[INFO  - 2018-09-27T06:44:08.353Z] SessionManagerReqHand - _cleanupWindowlessSessions - Asynchronous Sessions clean-up phase starting NOW
[INFO  - 2018-09-27T06:49:08.358Z] SessionManagerReqHand - _cleanupWindowlessSessions - Asynchronous Sessions clean-up phase starting NOW
[INFO  - 2018-09-27T06:54:08.361Z] SessionManagerReqHand - _cleanupWindowlessSessions - Asynchronous Sessions clean-up phase starting NOW
[INFO  - 2018-09-27T06:59:08.362Z] SessionManagerReqHand - _cleanupWindowlessSessions - Asynchronous Sessions clean-up phase starting NOW
[INFO  - 2018-09-27T07:04:08.362Z] SessionManagerReqHand - _cleanupWindowlessSessions - Asynchronous Sessions clean-up phase starting NOW
[INFO  - 2018-09-27T07:09:08.362Z] SessionManagerReqHand - _cleanupWindowlessSessions - Asynchronous Sessions clean-up phase starting NOW
[INFO  - 2018-09-27T07:14:08.368Z] SessionManagerReqHand - _cleanupWindowlessSessions - Asynchronous Sessions clean-up phase starting NOW
[INFO  - 2018-09-27T07:19:08.372Z] SessionManagerReqHand - _cleanupWindowlessSessions - Asynchronous Sessions clean-up phase starting NOW
[INFO  - 2018-09-27T07:24:08.372Z] SessionManagerReqHand - _cleanupWindowlessSessions - Asynchronous Sessions clean-up phase starting NOW
[INFO  - 2018-09-27T07:29:08.389Z] SessionManagerReqHand - _cleanupWindowlessSessions - Asynchronous Sessions clean-up phase starting NOW
[INFO  - 2018-09-27T07:34:08.392Z] SessionManagerReqHand - _cleanupWindowlessSessions - Asynchronous Sessions clean-up phase starting NOW
[INFO  - 2018-09-27T07:39:08.392Z] SessionManagerReqHand - _cleanupWindowlessSessions - Asynchronous Sessions clean-up phase starting NOW
[INFO  - 2018-09-27T07:44:08.392Z] SessionManagerReqHand - _cleanupWindowlessSessions - Asynchronous Sessions clean-up phase starting NOW
[INFO  - 2018-09-27T07:49:08.393Z] SessionManagerReqHand - _cleanupWindowlessSessions - Asynchronous Sessions clean-up phase starting NOW
[INFO  - 2018-09-27T07:54:08.393Z] SessionManagerReqHand - _cleanupWindowlessSessions - Asynchronous Sessions clean-up phase starting NOW
[INFO  - 2018-09-27T07:59:08.395Z] SessionManagerReqHand - _cleanupWindowlessSessions - Asynchronous Sessions clean-up phase starting NOW
[INFO  - 2018-09-27T08:04:08.394Z] SessionManagerReqHand - _cleanupWindowlessSessions - Asynchronous Sessions clean-up phase starting NOW
[INFO  - 2018-09-27T08:09:08.395Z] SessionManagerReqHand - _cleanupWindowlessSessions - Asynchronous Sessions clean-up phase starting NOW
[INFO  - 2018-09-27T08:14:08.394Z] SessionManagerReqHand - _cleanupWindowlessSessions - Asynchronous Sessions clean-up phase starting NOW
[INFO  - 2018-09-27T08:19:08.394Z] SessionManagerReqHand - _cleanupWindowlessSessions - Asynchronous Sessions clean-up phase starting NOW
[INFO  - 2018-09-27T08:24:08.394Z] SessionManagerReqHand - _cleanupWindowlessSessions - Asynchronous Sessions clean-up phase starting NOW
[INFO  - 2018-09-27T08:29:08.394Z] SessionManagerReqHand - _cleanupWindowlessSessions - Asynchronous Sessions clean-up phase starting NOW
[INFO  - 2018-09-27T08:34:08.393Z] SessionManagerReqHand - _cleanupWindowlessSessions - Asynchronous Sessions clean-up phase starting NOW
[INFO  - 2018-09-27T08:39:08.404Z] SessionManagerReqHand - _cleanupWindowlessSessions - Asynchronous Sessions clean-up phase starting NOW
[INFO  - 2018-09-27T08:44:08.431Z] SessionManagerReqHand - _cleanupWindowlessSessions - Asynchronous Sessions clean-up phase starting NOW
[INFO  - 2018-09-27T08:49:08.437Z] SessionManagerReqHand - _cleanupWindowlessSessions - Asynchronous Sessions clean-up phase starting NOW
[INFO  - 2018-09-27T08:54:08.438Z] SessionManagerReqHand - _cleanupWindowlessSessions - Asynchronous Sessions clean-up phase starting NOW
[INFO  - 2018-09-27T08:59:08.438Z] SessionManagerReqHand - _cleanupWindowlessSessions - Asynchronous Sessions clean-up phase starting NOW
[INFO  - 2018-09-27T09:04:08.467Z] SessionManagerReqHand - _cleanupWindowlessSessions - Asynchronous Sessions clean-up phase starting NOW
[INFO  - 2018-09-27T09:09:08.473Z] SessionManagerReqHand - _cleanupWindowlessSessions - Asynchronous Sessions clean-up phase starting NOW
[INFO  - 2018-09-27T09:14:08.499Z] SessionManagerReqHand - _cleanupWindowlessSessions - Asynchronous Sessions clean-up phase starting NOW
[INFO  - 2018-09-27T09:19:08.495Z] SessionManagerReqHand - _cleanupWindowlessSessions - Asynchronous Sessions clean-up phase starting NOW
[INFO  - 2018-09-27T09:24:08.495Z] SessionManagerReqHand - _cleanupWindowlessSessions - Asynchronous Sessions clean-up phase starting NOW
[INFO  - 2018-09-27T09:29:08.509Z] SessionManagerReqHand - _cleanupWindowlessSessions - Asynchronous Sessions clean-up phase starting NOW
[INFO  - 2018-09-27T09:34:08.514Z] SessionManagerReqHand - _cleanupWindowlessSessions - Asynchronous Sessions clean-up phase starting NOW
[INFO  - 2018-09-27T09:39:08.514Z] SessionManagerReqHand - _cleanupWindowlessSessions - Asynchronous Sessions clean-up phase starting NOW
[INFO  - 2018-09-27T09:44:08.514Z] SessionManagerReqHand - _cleanupWindowlessSessions - Asynchronous Sessions clean-up phase starting NOW
[INFO  - 2018-09-27T09:49:08.514Z] SessionManagerReqHand - _cleanupWindowlessSessions - Asynchronous Sessions clean-up phase starting NOW
[INFO  - 2018-09-27T09:54:08.540Z] SessionManagerReqHand - _cleanupWindowlessSessions - Asynchronous Sessions clean-up phase starting NOW
[INFO  - 2018-09-27T09:59:08.540Z] SessionManagerReqHand - _cleanupWindowlessSessions - Asynchronous Sessions clean-up phase starting NOW
[INFO  - 2018-09-27T10:04:08.540Z] SessionManagerReqHand - _cleanupWindowlessSessions - Asynchronous Sessions clean-up phase starting NOW
[INFO  - 2018-09-27T10:09:08.546Z] SessionManagerReqHand - _cleanupWindowlessSessions - Asynchronous Sessions clean-up phase starting NOW
[INFO  - 2018-09-27T10:14:08.548Z] SessionManagerReqHand - _cleanupWindowlessSessions - Asynchronous Sessions clean-up phase starting NOW
[INFO  - 2018-09-27T10:19:08.548Z] SessionManagerReqHand - _cleanupWindowlessSessions - Asynchronous Sessions clean-up phase starting NOW
[INFO  - 2018-09-27T10:24:08.550Z] SessionManagerReqHand - _cleanupWindowlessSessions - Asynchronous Sessions clean-up phase starting NOW
[INFO  - 2018-09-27T10:29:08.550Z] SessionManagerReqHand - _cleanupWindowlessSessions - Asynchronous Sessions clean-up phase starting NOW
ReqHand - _cleanupWindowlessSessions - Asynchronous Sessions clean-up phase starting NOW
[INFO  - 2018-09-27T09:48:44.665Z] SessionManagerReqHand - _cleanupWindowlessSessions - Asynchronous Sessions clean-up phase starting NOW
[INFO  - 2018-09-27T09:53:44.675Z] SessionManagerReqHand - _cleanupWindowlessSessions - Asynchronous Sessions clean-up phase starting NOW
[INFO  - 2018-09-27T09:58:44.678Z] SessionManagerReqHand - _cleanupWindowlessSessions - Asynchronous Sessions clean-up phase starting NOW
[INFO  - 2018-09-27T10:03:44.679Z] SessionManagerReqHand - _cleanupWindowlessSessions - Asynchronous Sessions clean-up phase starting NOW
[INFO  - 2018-09-27T10:08:44.679Z] SessionManagerReqHand - _cleanupWindowlessSessions - Asynchronous Sessions clean-up phase starting NOW
[INFO  - 2018-09-27T10:13:44.679Z] SessionManagerReqHand - _cleanupWindowlessSessions - Asynchronous Sessions clean-up phase starting NOW
[INFO  - 2018-09-27T10:18:44.679Z] SessionManagerReqHand - _cleanupWindowlessSessions - Asynchronous Sessions clean-up phase starting NOW
[INFO  - 2018-09-27T10:23:44.679Z] SessionManagerReqHand - _cleanupWindowlessSessions - Asynchronous Sessions clean-up phase starting NOW
[INFO  - 2018-09-27T10:28:44.679Z] SessionManagerReqHand - _cleanupWindowlessSessions - Asynchronous Sessions clean-up phase starting NOW
[INFO  - 2018-09-28T20:35:01.562Z] GhostDriver - Main - running on port 12660
[INFO  - 2018-09-28T20:35:02.838Z] Session [f9fb9730-c35d-11e8-9419-25571bccdf1f] - page.settings - {"XSSAuditingEnabled":false,"javascriptCanCloseWindows":true,"javascriptCanOpenWindows":true,"javascriptEnabled":true,"loadImages":true,"localToRemoteUrlAccessEnabled":false,"userAgent":"Mozilla/5.0 (Windows NT 6.2; WOW64) AppleWebKit/538.1 (KHTML, like Gecko) PhantomJS/2.1.1 Safari/538.1","webSecurityEnabled":true}
[INFO  - 2018-09-28T20:35:02.839Z] Session [f9fb9730-c35d-11e8-9419-25571bccdf1f] - page.customHeaders:  - {}
[INFO  - 2018-09-28T20:35:02.840Z] Session [f9fb9730-c35d-11e8-9419-25571bccdf1f] - Session.negotiatedCapabilities - {"browserName":"phantomjs","version":"2.1.1","driverName":"ghostdriver","driverVersion":"1.2.0","platform":"windows-8.1-32bit","javascriptEnabled":true,"takesScreenshot":true,"handlesAlerts":false,"databaseEnabled":false,"locationContextEnabled":false,"applicationCacheEnabled":false,"browserConnectionEnabled":false,"cssSelectorsEnabled":true,"webStorageEnabled":false,"rotatable":false,"acceptSslCerts":false,"nativeEvents":true,"proxy":{"proxyType":"direct"}}
[INFO  - 2018-09-28T20:35:02.841Z] SessionManagerReqHand - _postNewSessionCommand - New Session Created: f9fb9730-c35d-11e8-9419-25571bccdf1f
[ERROR - 2018-09-28T20:35:03.690Z] Session [f9fb9730-c35d-11e8-9419-25571bccdf1f] - page.onError - msg: ReferenceError: Can't find variable: Audio
[ERROR - 2018-09-28T20:35:03.691Z] Session [f9fb9730-c35d-11e8-9419-25571bccdf1f] - page.onError - stack:
  global code (http://www.zakupki.gov.ru/epz/main/public/js/script.js:1512)
[ERROR - 2018-09-28T20:35:09.096Z] Session [f9fb9730-c35d-11e8-9419-25571bccdf1f] - page.onError - msg: ReferenceError: Can't find variable: Audio
[ERROR - 2018-09-28T20:35:09.097Z] Session [f9fb9730-c35d-11e8-9419-25571bccdf1f] - page.onError - stack:
  global code (http://www.zakupki.gov.ru/epz/order/quicksearch/js/script.js:1512)
[ERROR - 2018-09-28T20:35:09.419Z] Session [f9fb9730-c35d-11e8-9419-25571bccdf1f] - page.onError - msg: TypeError: undefined is not a constructor (evaluating '$(document).read(function () {
        $()
    })')
[ERROR - 2018-09-28T20:35:09.420Z] Session [f9fb9730-c35d-11e8-9419-25571bccdf1f] - page.onError - stack:
  global code (http://www.zakupki.gov.ru/epz/order/quicksearch/search_eis.html?searchString=%D0%9D%D0%98%D0%9E%D0%9A%D0%A0:814)
[ERROR - 2018-09-28T20:35:27.020Z] Session [f9fb9730-c35d-11e8-9419-25571bccdf1f] - page.onError - msg: ReferenceError: Can't find variable: Audio
[ERROR - 2018-09-28T20:35:27.020Z] Session [f9fb9730-c35d-11e8-9419-25571bccdf1f] - page.onError - stack:
  global code (http://www.zakupki.gov.ru/epz/order/extendedsearch/js/script.js:1512)
[ERROR - 2018-09-28T20:36:35.656Z] Session [f9fb9730-c35d-11e8-9419-25571bccdf1f] - page.onError - msg: ReferenceError: Can't find variable: Audio
[ERROR - 2018-09-28T20:36:35.657Z] Session [f9fb9730-c35d-11e8-9419-25571bccdf1f] - page.onError - stack:
  global code (http://www.zakupki.gov.ru/epz/order/extendedsearch/js/script.js:1512)
[ERROR - 2018-09-28T20:36:35.786Z] Session [f9fb9730-c35d-11e8-9419-25571bccdf1f] - page.onError - msg: TypeError: undefined is not a constructor (evaluating '$(document).read(function () {
        $()
    })')
[ERROR - 2018-09-28T20:36:35.787Z] Session [f9fb9730-c35d-11e8-9419-25571bccdf1f] - page.onError - stack:
  global code (http://www.zakupki.gov.ru/epz/order/extendedsearch/results.html?searchString=%D0%9D%D0%98%D0%9E%D0%9A%D0%A0&morphology=on&openMode=USE_DEFAULT_PARAMS&pageNumber=1&sortDirection=false&recordsPerPage=_10&showLotsInfoHidden=false&fz44=on&fz223=on&ppRf615=on&placingWaysList=OK&af=on&priceFromGeneral=100000000&priceToGeneral=300000000&currencyIdGeneral=1&regionDeleted=false&sortBy=UPDATE_DATE:942)
[INFO  - 2018-09-28T20:37:27.695Z] Session [f9fb9730-c35d-11e8-9419-25571bccdf1f] - page.settings - {"XSSAuditingEnabled":false,"javascriptCanCloseWindows":true,"javascriptCanOpenWindows":true,"javascriptEnabled":true,"loadImages":true,"localToRemoteUrlAccessEnabled":false,"userAgent":"Mozilla/5.0 (Windows NT 6.2; WOW64) AppleWebKit/538.1 (KHTML, like Gecko) PhantomJS/2.1.1 Safari/538.1","webSecurityEnabled":true}
[INFO  - 2018-09-28T20:37:27.696Z] Session [f9fb9730-c35d-11e8-9419-25571bccdf1f] - page.customHeaders:  - {}
[ERROR - 2018-09-28T20:37:28.232Z] Session [f9fb9730-c35d-11e8-9419-25571bccdf1f] - page.onError - msg: ReferenceError: Can't find variable: Audio
[ERROR - 2018-09-28T20:37:28.233Z] Session [f9fb9730-c35d-11e8-9419-25571bccdf1f] - page.onError - stack:
  global code (http://www.zakupki.gov.ru/epz/order/notice/js/script.js:1512)
[INFO  - 2018-09-28T20:37:45.378Z] Session [f9fb9730-c35d-11e8-9419-25571bccdf1f] - page.settings - {"XSSAuditingEnabled":false,"javascriptCanCloseWindows":true,"javascriptCanOpenWindows":true,"javascriptEnabled":true,"loadImages":true,"localToRemoteUrlAccessEnabled":false,"userAgent":"Mozilla/5.0 (Windows NT 6.2; WOW64) AppleWebKit/538.1 (KHTML, like Gecko) PhantomJS/2.1.1 Safari/538.1","webSecurityEnabled":true}
[INFO  - 2018-09-28T20:37:45.379Z] Session [f9fb9730-c35d-11e8-9419-25571bccdf1f] - page.customHeaders:  - {}
[ERROR - 2018-09-28T20:37:45.569Z] Session [f9fb9730-c35d-11e8-9419-25571bccdf1f] - page.onError - msg: ReferenceError: Can't find variable: Audio
[ERROR - 2018-09-28T20:37:45.569Z] Session [f9fb9730-c35d-11e8-9419-25571bccdf1f] - page.onError - stack:
  global code (http://www.zakupki.gov.ru/epz/order/notice/js/script.js:1512)
[INFO  - 2018-09-28T20:38:02.327Z] ShutdownReqHand - _handle - About to shutdown
[INFO  - 2018-09-28T20:38:59.175Z] GhostDriver - Main - running on port 22898
[INFO  - 2018-09-28T20:39:00.461Z] Session [879e22b0-c35e-11e8-935d-0dd51b243561] - page.settings - {"XSSAuditingEnabled":false,"javascriptCanCloseWindows":true,"javascriptCanOpenWindows":true,"javascriptEnabled":true,"loadImages":true,"localToRemoteUrlAccessEnabled":false,"userAgent":"Mozilla/5.0 (Windows NT 6.2; WOW64) AppleWebKit/538.1 (KHTML, like Gecko) PhantomJS/2.1.1 Safari/538.1","webSecurityEnabled":true}
[INFO  - 2018-09-28T20:39:00.461Z] Session [879e22b0-c35e-11e8-935d-0dd51b243561] - page.customHeaders:  - {}
[INFO  - 2018-09-28T20:39:00.462Z] Session [879e22b0-c35e-11e8-935d-0dd51b243561] - Session.negotiatedCapabilities - {"browserName":"phantomjs","version":"2.1.1","driverName":"ghostdriver","driverVersion":"1.2.0","platform":"windows-8.1-32bit","javascriptEnabled":true,"takesScreenshot":true,"handlesAlerts":false,"databaseEnabled":false,"locationContextEnabled":false,"applicationCacheEnabled":false,"browserConnectionEnabled":false,"cssSelectorsEnabled":true,"webStorageEnabled":false,"rotatable":false,"acceptSslCerts":false,"nativeEvents":true,"proxy":{"proxyType":"direct"}}
[INFO  - 2018-09-28T20:39:00.463Z] SessionManagerReqHand - _postNewSessionCommand - New Session Created: 879e22b0-c35e-11e8-935d-0dd51b243561
[ERROR - 2018-09-28T20:39:01.279Z] Session [879e22b0-c35e-11e8-935d-0dd51b243561] - page.onError - msg: ReferenceError: Can't find variable: Audio
[ERROR - 2018-09-28T20:39:01.280Z] Session [879e22b0-c35e-11e8-935d-0dd51b243561] - page.onError - stack:
  global code (http://www.zakupki.gov.ru/epz/main/public/js/script.js:1512)
[ERROR - 2018-09-28T20:39:06.210Z] Session [879e22b0-c35e-11e8-935d-0dd51b243561] - page.onError - msg: ReferenceError: Can't find variable: Audio
[ERROR - 2018-09-28T20:39:06.211Z] Session [879e22b0-c35e-11e8-935d-0dd51b243561] - page.onError - stack:
  global code (http://www.zakupki.gov.ru/epz/order/quicksearch/js/script.js:1512)
[ERROR - 2018-09-28T20:39:06.506Z] Session [879e22b0-c35e-11e8-935d-0dd51b243561] - page.onError - msg: TypeError: undefined is not a constructor (evaluating '$(document).read(function () {
        $()
    })')
[ERROR - 2018-09-28T20:39:06.507Z] Session [879e22b0-c35e-11e8-935d-0dd51b243561] - page.onError - stack:
  global code (http://www.zakupki.gov.ru/epz/order/quicksearch/search_eis.html?searchString=%D0%9D%D0%98%D0%9E%D0%9A%D0%A0:814)
[ERROR - 2018-09-28T20:39:23.761Z] Session [879e22b0-c35e-11e8-935d-0dd51b243561] - page.onError - msg: ReferenceError: Can't find variable: Audio
[ERROR - 2018-09-28T20:39:23.761Z] Session [879e22b0-c35e-11e8-935d-0dd51b243561] - page.onError - stack:
  global code (http://www.zakupki.gov.ru/epz/order/extendedsearch/js/script.js:1512)
[ERROR - 2018-09-28T20:40:32.278Z] Session [879e22b0-c35e-11e8-935d-0dd51b243561] - page.onError - msg: ReferenceError: Can't find variable: Audio
[ERROR - 2018-09-28T20:40:32.279Z] Session [879e22b0-c35e-11e8-935d-0dd51b243561] - page.onError - stack:
  global code (http://www.zakupki.gov.ru/epz/order/extendedsearch/js/script.js:1512)
[ERROR - 2018-09-28T20:40:32.411Z] Session [879e22b0-c35e-11e8-935d-0dd51b243561] - page.onError - msg: TypeError: undefined is not a constructor (evaluating '$(document).read(function () {
        $()
    })')
[ERROR - 2018-09-28T20:40:32.411Z] Session [879e22b0-c35e-11e8-935d-0dd51b243561] - page.onError - stack:
  global code (http://www.zakupki.gov.ru/epz/order/extendedsearch/results.html?searchString=%D0%9D%D0%98%D0%9E%D0%9A%D0%A0&morphology=on&openMode=USE_DEFAULT_PARAMS&pageNumber=1&sortDirection=false&recordsPerPage=_10&showLotsInfoHidden=false&fz44=on&fz223=on&ppRf615=on&placingWaysList=OK&af=on&priceFromGeneral=100000000&priceToGeneral=300000000&currencyIdGeneral=1&regionDeleted=false&sortBy=UPDATE_DATE:942)
[INFO  - 2018-09-28T20:41:24.321Z] Session [879e22b0-c35e-11e8-935d-0dd51b243561] - page.settings - {"XSSAuditingEnabled":false,"javascriptCanCloseWindows":true,"javascriptCanOpenWindows":true,"javascriptEnabled":true,"loadImages":true,"localToRemoteUrlAccessEnabled":false,"userAgent":"Mozilla/5.0 (Windows NT 6.2; WOW64) AppleWebKit/538.1 (KHTML, like Gecko) PhantomJS/2.1.1 Safari/538.1","webSecurityEnabled":true}
[INFO  - 2018-09-28T20:41:24.321Z] Session [879e22b0-c35e-11e8-935d-0dd51b243561] - page.customHeaders:  - {}
[ERROR - 2018-09-28T20:41:24.949Z] Session [879e22b0-c35e-11e8-935d-0dd51b243561] - page.onError - msg: ReferenceError: Can't find variable: Audio
[ERROR - 2018-09-28T20:41:24.950Z] Session [879e22b0-c35e-11e8-935d-0dd51b243561] - page.onError - stack:
  global code (http://www.zakupki.gov.ru/epz/order/notice/js/script.js:1512)
[INFO  - 2018-09-28T20:41:42.238Z] Session [879e22b0-c35e-11e8-935d-0dd51b243561] - page.settings - {"XSSAuditingEnabled":false,"javascriptCanCloseWindows":true,"javascriptCanOpenWindows":true,"javascriptEnabled":true,"loadImages":true,"localToRemoteUrlAccessEnabled":false,"userAgent":"Mozilla/5.0 (Windows NT 6.2; WOW64) AppleWebKit/538.1 (KHTML, like Gecko) PhantomJS/2.1.1 Safari/538.1","webSecurityEnabled":true}
[INFO  - 2018-09-28T20:41:42.239Z] Session [879e22b0-c35e-11e8-935d-0dd51b243561] - page.customHeaders:  - {}
[ERROR - 2018-09-28T20:41:42.427Z] Session [879e22b0-c35e-11e8-935d-0dd51b243561] - page.onError - msg: ReferenceError: Can't find variable: Audio
[ERROR - 2018-09-28T20:41:42.427Z] Session [879e22b0-c35e-11e8-935d-0dd51b243561] - page.onError - stack:
  global code (http://www.zakupki.gov.ru/epz/order/notice/js/script.js:1512)
[INFO  - 2018-09-28T20:41:58.794Z] ShutdownReqHand - _handle - About to shutdown
[INFO  - 2018-09-28T20:56:18.876Z] GhostDriver - Main - running on port 24861
[INFO  - 2018-09-28T20:56:19.840Z] Session [f3227ac0-c360-11e8-8182-f3491d639f09] - page.settings - {"XSSAuditingEnabled":false,"javascriptCanCloseWindows":true,"javascriptCanOpenWindows":true,"javascriptEnabled":true,"loadImages":true,"localToRemoteUrlAccessEnabled":false,"userAgent":"Mozilla/5.0 (Windows NT 6.2; WOW64) AppleWebKit/538.1 (KHTML, like Gecko) PhantomJS/2.1.1 Safari/538.1","webSecurityEnabled":true}
[INFO  - 2018-09-28T20:56:19.840Z] Session [f3227ac0-c360-11e8-8182-f3491d639f09] - page.customHeaders:  - {}
[INFO  - 2018-09-28T20:56:19.841Z] Session [f3227ac0-c360-11e8-8182-f3491d639f09] - Session.negotiatedCapabilities - {"browserName":"phantomjs","version":"2.1.1","driverName":"ghostdriver","driverVersion":"1.2.0","platform":"windows-8.1-32bit","javascriptEnabled":true,"takesScreenshot":true,"handlesAlerts":false,"databaseEnabled":false,"locationContextEnabled":false,"applicationCacheEnabled":false,"browserConnectionEnabled":false,"cssSelectorsEnabled":true,"webStorageEnabled":false,"rotatable":false,"acceptSslCerts":false,"nativeEvents":true,"proxy":{"proxyType":"direct"}}
[INFO  - 2018-09-28T20:56:19.842Z] SessionManagerReqHand - _postNewSessionCommand - New Session Created: f3227ac0-c360-11e8-8182-f3491d639f09
[ERROR - 2018-09-28T20:56:20.598Z] Session [f3227ac0-c360-11e8-8182-f3491d639f09] - page.onError - msg: ReferenceError: Can't find variable: Audio
[ERROR - 2018-09-28T20:56:20.599Z] Session [f3227ac0-c360-11e8-8182-f3491d639f09] - page.onError - stack:
  global code (http://www.zakupki.gov.ru/epz/main/public/js/script.js:1512)
[ERROR - 2018-09-28T20:56:25.434Z] Session [f3227ac0-c360-11e8-8182-f3491d639f09] - page.onError - msg: ReferenceError: Can't find variable: Audio
[ERROR - 2018-09-28T20:56:25.435Z] Session [f3227ac0-c360-11e8-8182-f3491d639f09] - page.onError - stack:
  global code (http://www.zakupki.gov.ru/epz/order/quicksearch/js/script.js:1512)
[ERROR - 2018-09-28T20:56:25.727Z] Session [f3227ac0-c360-11e8-8182-f3491d639f09] - page.onError - msg: TypeError: undefined is not a constructor (evaluating '$(document).read(function () {
        $()
    })')
[ERROR - 2018-09-28T20:56:25.729Z] Session [f3227ac0-c360-11e8-8182-f3491d639f09] - page.onError - stack:
  global code (http://www.zakupki.gov.ru/epz/order/quicksearch/search_eis.html?searchString=%D0%9D%D0%98%D0%9E%D0%9A%D0%A0:814)
[ERROR - 2018-09-28T20:56:42.955Z] Session [f3227ac0-c360-11e8-8182-f3491d639f09] - page.onError - msg: ReferenceError: Can't find variable: Audio
[ERROR - 2018-09-28T20:56:42.956Z] Session [f3227ac0-c360-11e8-8182-f3491d639f09] - page.onError - stack:
  global code (http://www.zakupki.gov.ru/epz/order/extendedsearch/js/script.js:1512)
[ERROR - 2018-09-28T20:57:51.518Z] Session [f3227ac0-c360-11e8-8182-f3491d639f09] - page.onError - msg: ReferenceError: Can't find variable: Audio
[ERROR - 2018-09-28T20:57:51.519Z] Session [f3227ac0-c360-11e8-8182-f3491d639f09] - page.onError - stack:
  global code (http://www.zakupki.gov.ru/epz/order/extendedsearch/js/script.js:1512)
[ERROR - 2018-09-28T20:57:51.653Z] Session [f3227ac0-c360-11e8-8182-f3491d639f09] - page.onError - msg: TypeError: undefined is not a constructor (evaluating '$(document).read(function () {
        $()
    })')
[ERROR - 2018-09-28T20:57:51.654Z] Session [f3227ac0-c360-11e8-8182-f3491d639f09] - page.onError - stack:
  global code (http://www.zakupki.gov.ru/epz/order/extendedsearch/results.html?searchString=%D0%9D%D0%98%D0%9E%D0%9A%D0%A0&morphology=on&openMode=USE_DEFAULT_PARAMS&pageNumber=1&sortDirection=false&recordsPerPage=_10&showLotsInfoHidden=false&fz44=on&fz223=on&ppRf615=on&placingWaysList=OK&af=on&priceFromGeneral=100000000&priceToGeneral=300000000&currencyIdGeneral=1&regionDeleted=false&sortBy=UPDATE_DATE:942)
[INFO  - 2018-09-28T20:58:43.703Z] Session [f3227ac0-c360-11e8-8182-f3491d639f09] - page.settings - {"XSSAuditingEnabled":false,"javascriptCanCloseWindows":true,"javascriptCanOpenWindows":true,"javascriptEnabled":true,"loadImages":true,"localToRemoteUrlAccessEnabled":false,"userAgent":"Mozilla/5.0 (Windows NT 6.2; WOW64) AppleWebKit/538.1 (KHTML, like Gecko) PhantomJS/2.1.1 Safari/538.1","webSecurityEnabled":true}
[INFO  - 2018-09-28T20:58:43.704Z] Session [f3227ac0-c360-11e8-8182-f3491d639f09] - page.customHeaders:  - {}
[ERROR - 2018-09-28T20:58:44.292Z] Session [f3227ac0-c360-11e8-8182-f3491d639f09] - page.onError - msg: ReferenceError: Can't find variable: Audio
[ERROR - 2018-09-28T20:58:44.293Z] Session [f3227ac0-c360-11e8-8182-f3491d639f09] - page.onError - stack:
  global code (http://www.zakupki.gov.ru/epz/order/notice/js/script.js:1512)
[INFO  - 2018-09-28T20:59:01.401Z] Session [f3227ac0-c360-11e8-8182-f3491d639f09] - page.settings - {"XSSAuditingEnabled":false,"javascriptCanCloseWindows":true,"javascriptCanOpenWindows":true,"javascriptEnabled":true,"loadImages":true,"localToRemoteUrlAccessEnabled":false,"userAgent":"Mozilla/5.0 (Windows NT 6.2; WOW64) AppleWebKit/538.1 (KHTML, like Gecko) PhantomJS/2.1.1 Safari/538.1","webSecurityEnabled":true}
[INFO  - 2018-09-28T20:59:01.402Z] Session [f3227ac0-c360-11e8-8182-f3491d639f09] - page.customHeaders:  - {}
[ERROR - 2018-09-28T20:59:01.590Z] Session [f3227ac0-c360-11e8-8182-f3491d639f09] - page.onError - msg: ReferenceError: Can't find variable: Audio
[ERROR - 2018-09-28T20:59:01.590Z] Session [f3227ac0-c360-11e8-8182-f3491d639f09] - page.onError - stack:
  global code (http://www.zakupki.gov.ru/epz/order/notice/js/script.js:1512)
[INFO  - 2018-09-28T20:59:18.271Z] ShutdownReqHand - _handle - About to shutdown
